<?xml version="1.0" encoding="UTF-8"?>
<!-- Generated by org.testng.reporters.JUnitReportReporter -->
<testsuite hostname="USHYDSANTSAHA01" failures="0" tests="4" name="Santanu.SeleniumFrameWorkDesign.tests.SubmitOrder" time="58.141" errors="0" timestamp="2023-09-28T02:23:09 IST" skipped="0">
  <testcase classname="Santanu.SeleniumFrameWorkDesign.tests.SubmitOrder" name="submitOrder" time="25.066"/>
  <system-out/>
  <testcase classname="Santanu.SeleniumFrameWorkDesign.tests.SubmitOrder" name="orderHistoryTest" time="5.710"/>
  <system-out/>
  <testcase classname="Santanu.SeleniumFrameWorkDesign.tests.SubmitOrder" name="orderHistoryTest" time="6.246"/>
  <system-out/>
  <testcase classname="Santanu.SeleniumFrameWorkDesign.tests.SubmitOrder" name="submitOrder" time="21.119"/>
  <system-out/>
</testsuite> <!-- Santanu.SeleniumFrameWorkDesign.tests.SubmitOrder -->
