<?xml version="1.0" encoding="UTF-8"?>
<!-- Generated by org.testng.reporters.JUnitReportReporter -->
<testsuite skipped="0" hostname="USHYDSANTSAHA01" name="Santanu.SeleniumFrameWorkDesign.tests.StandAloneTest" tests="1" failures="0" timestamp="2023-08-15T12:36:50 IST" time="24.860" errors="0">
  <testcase name="submitOrder" time="24.860" classname="Santanu.SeleniumFrameWorkDesign.tests.StandAloneTest"/>
  <system-out/>
</testsuite> <!-- Santanu.SeleniumFrameWorkDesign.tests.StandAloneTest -->
